<?xml version="1.0" encoding="UTF-8"?>
<testsuite xmlns:xsi="http://www.w3.org/2001/XMLSchema-instance" xsi:noNamespaceSchemaLocation="https://maven.apache.org/surefire/maven-surefire-plugin/xsd/surefire-test-report.xsd" name="TestSuite" time="70.705" tests="8" errors="0" skipped="0" failures="6">
  <properties>
[...]
</properties>
  <testcase name="loginTest" classname="com.inetBankingV2.testCases.TC_Logintest_001" time="3.841"/>
  <testcase name="loginDDT" classname="com.inetBankingV2.testCases.TC_LoginDDT_002" time="6.344">
    <failure type="java.lang.AssertionError">java.lang.AssertionError
	at com.inetBankingV2.testCases.TC_LoginDDT_002.loginDDT(TC_LoginDDT_002.java:29)
</failure>
    <system-out><![CDATA[2022-04-07 17:42:41 INFO  eBanking:19 - user name provided
2022-04-07 17:42:41 INFO  eBanking:21 - password provided
]]></system-out>
    <system-err><![CDATA[log4j:WARN No such property [conversionPattern] in org.apache.log4j.RollingFileAppender.
Starting ChromeDriver 99.0.4844.51 (d537ec02474b5afe23684e7963d538896c63ac77-refs/branch-heads/4844@{#875}) on port 6293
Only local connections are allowed.
Please see https://chromedriver.chromium.org/security-considerations for suggestions on keeping ChromeDriver safe.
ChromeDriver was started successfully.
Apr 07, 2022 5:42:35 PM org.openqa.selenium.remote.ProtocolHandshake createSession
INFO: Detected dialect: W3C
]]></system-err>
  </testcase>
  <testcase name="loginDDT" classname="com.inetBankingV2.testCases.TC_LoginDDT_002" time="12.3"/>
  <testcase name="loginDDT" classname="com.inetBankingV2.testCases.TC_LoginDDT_002" time="5.808">
    <failure type="java.lang.AssertionError">java.lang.AssertionError
	at com.inetBankingV2.testCases.TC_LoginDDT_002.loginDDT(TC_LoginDDT_002.java:29)
</failure>
    <system-out><![CDATA[2022-04-07 17:43:00 INFO  eBanking:19 - user name provided
2022-04-07 17:43:00 INFO  eBanking:21 - password provided
]]></system-out>
  </testcase>
  <testcase name="loginDDT" classname="com.inetBankingV2.testCases.TC_LoginDDT_002" time="6.393">
    <failure type="java.lang.AssertionError">java.lang.AssertionError
	at com.inetBankingV2.testCases.TC_LoginDDT_002.loginDDT(TC_LoginDDT_002.java:29)
</failure>
    <system-out><![CDATA[2022-04-07 17:43:05 INFO  eBanking:19 - user name provided
2022-04-07 17:43:06 INFO  eBanking:21 - password provided
]]></system-out>
  </testcase>
  <testcase name="loginDDT" classname="com.inetBankingV2.testCases.TC_LoginDDT_002" time="6.094">
    <failure type="java.lang.AssertionError">java.lang.AssertionError
	at com.inetBankingV2.testCases.TC_LoginDDT_002.loginDDT(TC_LoginDDT_002.java:29)
</failure>
    <system-out><![CDATA[2022-04-07 17:43:12 INFO  eBanking:19 - user name provided
2022-04-07 17:43:12 INFO  eBanking:21 - password provided
]]></system-out>
  </testcase>
  <testcase name="loginDDT" classname="com.inetBankingV2.testCases.TC_LoginDDT_002" time="6.482">
    <failure type="java.lang.AssertionError">java.lang.AssertionError
	at com.inetBankingV2.testCases.TC_LoginDDT_002.loginDDT(TC_LoginDDT_002.java:29)
</failure>
    <system-out><![CDATA[2022-04-07 17:43:18 INFO  eBanking:19 - user name provided
2022-04-07 17:43:18 INFO  eBanking:21 - password provided
]]></system-out>
  </testcase>
  <testcase name="loginDDT" classname="com.inetBankingV2.testCases.TC_LoginDDT_002" time="5.875">
    <failure type="java.lang.AssertionError">java.lang.AssertionError
	at com.inetBankingV2.testCases.TC_LoginDDT_002.loginDDT(TC_LoginDDT_002.java:29)
</failure>
    <system-out><![CDATA[2022-04-07 17:43:24 INFO  eBanking:19 - user name provided
2022-04-07 17:43:25 INFO  eBanking:21 - password provided
]]></system-out>
  </testcase>
</testsuite>